<?xml version="1.0" encoding="UTF-8"?>
<!-- Generated by org.testng.reporters.JUnitReportReporter -->
<testsuite hostname="Tejass-MacBook-Pro-2.local" failures="0" tests="1" name="com.xcov19.test.Testing" time="0.058" errors="0" timestamp="05 Mar 2021 17:06:54 GMT" skipped="0">
  <testcase classname="com.xcov19.test.Testing" name="test" time="0.058"/>
</testsuite> <!-- com.xcov19.test.Testing -->
